0 info it worked if it ends with ok
1 verbose cli [ '/usr/local/bin/node',
1 verbose cli   '/usr/local/bin/npm',
1 verbose cli   'run-script',
1 verbose cli   'start' ]
2 info using npm@3.3.12
3 info using node@v5.1.0
4 verbose run-script [ 'prestart', 'start', 'poststart' ]
5 info lifecycle untitled@0.0.0~prestart: untitled@0.0.0
6 silly lifecycle untitled@0.0.0~prestart: no script for prestart, continuing
7 info lifecycle untitled@0.0.0~start: untitled@0.0.0
8 verbose lifecycle untitled@0.0.0~start: unsafe-perm in lifecycle true
9 verbose lifecycle untitled@0.0.0~start: PATH: /usr/local/lib/node_modules/npm/bin/node-gyp-bin:/Users/zhangguozhi/Documents/workspace/PuzzleGame/server/trunk/node_modules/.bin:MANGO_ROOT:/opt/subversion/bin:/Users/zhangguozhi/Documents/workspace/jenkins:/usr/local/bin:/usr/bin:/bin:/usr/sbin:/sbin
10 verbose lifecycle untitled@0.0.0~start: CWD: /Users/zhangguozhi/Documents/workspace/PuzzleGame/server/trunk
11 silly lifecycle untitled@0.0.0~start: Args: [ '-c', 'node ./bin/www' ]
12 silly lifecycle untitled@0.0.0~start: Returned: code: 1  signal: null
13 info lifecycle untitled@0.0.0~start: Failed to exec start script
14 verbose stack Error: untitled@0.0.0 start: `node ./bin/www`
14 verbose stack Exit status 1
14 verbose stack     at EventEmitter.<anonymous> (/usr/local/lib/node_modules/npm/lib/utils/lifecycle.js:232:16)
14 verbose stack     at emitTwo (events.js:87:13)
14 verbose stack     at EventEmitter.emit (events.js:172:7)
14 verbose stack     at ChildProcess.<anonymous> (/usr/local/lib/node_modules/npm/lib/utils/spawn.js:24:14)
14 verbose stack     at emitTwo (events.js:87:13)
14 verbose stack     at ChildProcess.emit (events.js:172:7)
14 verbose stack     at maybeClose (internal/child_process.js:818:16)
14 verbose stack     at Process.ChildProcess._handle.onexit (internal/child_process.js:211:5)
15 verbose pkgid untitled@0.0.0
16 verbose cwd /Users/zhangguozhi/Documents/workspace/PuzzleGame/server/trunk
17 error Darwin 15.4.0
18 error argv "/usr/local/bin/node" "/usr/local/bin/npm" "run-script" "start"
19 error node v5.1.0
20 error npm  v3.3.12
21 error code ELIFECYCLE
22 error untitled@0.0.0 start: `node ./bin/www`
22 error Exit status 1
23 error Failed at the untitled@0.0.0 start script 'node ./bin/www'.
23 error Make sure you have the latest version of node.js and npm installed.
23 error If you do, this is most likely a problem with the untitled package,
23 error not with npm itself.
23 error Tell the author that this fails on your system:
23 error     node ./bin/www
23 error You can get their info via:
23 error     npm owner ls untitled
23 error There is likely additional logging output above.
24 verbose exit [ 1, true ]
